<?xml version="1.0" encoding="UTF-8"?>
<testng-results ignored="0" total="5" passed="5" failed="0" skipped="0">
  <reporter-output>
  </reporter-output>
  <suite started-at="2024-09-01T21:05:59 IST" name="ChecktheSuite" finished-at="2024-09-01T21:05:59 IST" duration-ms="78">
    <groups>
    </groups>
    <test started-at="2024-09-01T21:05:59 IST" name="Test" finished-at="2024-09-01T21:05:59 IST" duration-ms="78">
      <class name="assignments.WorkingwithTestNG">
        <test-method signature="a()[pri:0, instance:assignments.WorkingwithTestNG@2a54a73f]" started-at="2024-09-01T21:05:59 IST" name="a" finished-at="2024-09-01T21:05:59 IST" duration-ms="15" status="PASS">
          <reporter-output>
          </reporter-output>
        </test-method> <!-- a -->
        <test-method signature="c()[pri:0, instance:assignments.WorkingwithTestNG@2a54a73f]" started-at="2024-09-01T21:05:59 IST" name="c" finished-at="2024-09-01T21:05:59 IST" duration-ms="2" status="PASS">
          <reporter-output>
          </reporter-output>
        </test-method> <!-- c -->
      </class> <!-- assignments.WorkingwithTestNG -->
      <class name="assignments.WrkingTestNgFile2">
        <test-method signature="method1()[pri:0, instance:assignments.WrkingTestNgFile2@6283d8b8]" started-at="2024-09-01T21:05:59 IST" name="method1" finished-at="2024-09-01T21:05:59 IST" duration-ms="1" status="PASS">
          <reporter-output>
          </reporter-output>
        </test-method> <!-- method1 -->
        <test-method signature="method2()[pri:0, instance:assignments.WrkingTestNgFile2@6283d8b8]" started-at="2024-09-01T21:05:59 IST" name="method2" finished-at="2024-09-01T21:05:59 IST" duration-ms="1" status="PASS">
          <reporter-output>
          </reporter-output>
        </test-method> <!-- method2 -->
        <test-method signature="method2()[pri:0, instance:assignments.WrkingTestNgFile2@6283d8b8]" started-at="2024-09-01T21:05:59 IST" name="method2" finished-at="2024-09-01T21:05:59 IST" duration-ms="1" status="PASS">
          <reporter-output>
          </reporter-output>
        </test-method> <!-- method2 -->
      </class> <!-- assignments.WrkingTestNgFile2 -->
    </test> <!-- Test -->
  </suite> <!-- ChecktheSuite -->
</testng-results>
